\BOOKMARK [1][-]{Doc-Start}{\376\377\142\245\124\112\144\260\121\231\213\364\146\016}{}% 1
\BOOKMARK [1][-]{section.1}{\376\377\225\356\230\230\143\317\217\360}{}% 2
\BOOKMARK [1][-]{section.2}{\376\377\164\006\213\272\152\041\127\213}{}% 3
\BOOKMARK [2][-]{subsection.2.1}{\376\377\123\237\164\006\122\006\147\220\116\016\213\276\213\241\140\035\215\357}{section.2}% 4
\BOOKMARK [3][-]{subsubsection.2.1.1}{\376\377\214\003\136\105\117\341\123\367\166\204\145\160\133\146\210\150\171\072}{subsection.2.1}% 5
\BOOKMARK [3][-]{subsubsection.2.1.2}{\376\377\166\370\136\162\211\343\214\003\123\237\164\006}{subsection.2.1}% 6
\BOOKMARK [3][-]{subsubsection.2.1.3}{\376\377\230\221\163\207\120\117\135\356\166\204\137\161\124\315}{subsection.2.1}% 7
\BOOKMARK [3][-]{subsubsection.2.1.4}{\376\377\116\214\153\041\211\343\214\003\166\204\213\276\213\241\140\035\215\357}{subsection.2.1}% 8
\BOOKMARK [2][-]{subsection.2.2}{\376\377\145\160\133\146\152\041\127\213}{section.2}% 9
\BOOKMARK [3][-]{subsubsection.2.2.1}{\376\377\117\341\123\367\230\221\214\061\152\041\127\213}{subsection.2.2}% 10
\BOOKMARK [3][-]{subsubsection.2.2.2}{\376\377\156\344\154\342\126\150\213\276\213\241\152\041\127\213}{subsection.2.2}% 11
\BOOKMARK [3][-]{subsubsection.2.2.3}{\376\377\211\343\214\003\217\307\172\013\166\204\145\160\133\146\143\317\217\360}{subsection.2.2}% 12
\BOOKMARK [3][-]{subsubsection.2.2.4}{\376\377\174\373\176\337\162\171\140\047\122\006\147\220}{subsection.2.2}% 13
\BOOKMARK [1][-]{section.3}{\376\377\172\013\136\217\213\276\213\241}{}% 14
\BOOKMARK [2][-]{subsection.3.1}{\376\377\177\026\172\013\140\035\215\357}{section.3}% 15
\BOOKMARK [3][-]{subsubsection.3.1.1}{\376\377\000Q\0001\377\032\230\221\214\061\122\006\147\220\116\016\230\221\163\207\120\117\135\356\117\060\213\241\166\204\177\026\172\013\140\035\215\357}{subsection.3.1}% 16
\BOOKMARK [3][-]{subsubsection.3.1.2}{\376\377\000Q\0002\377\032\156\344\154\342\126\150\213\276\213\241\166\204\177\026\172\013\140\035\215\357}{subsection.3.1}% 17
\BOOKMARK [3][-]{subsubsection.3.1.3}{\376\377\000Q\0003\377\032\145\366\127\337\211\343\214\003\145\271\154\325\166\204\177\026\172\013\140\035\215\357}{subsection.3.1}% 18
\BOOKMARK [3][-]{subsubsection.3.1.4}{\376\377\000Q\0004\377\032\230\221\127\337\211\343\214\003\145\271\154\325\166\204\177\026\172\013\140\035\215\357}{subsection.3.1}% 19
\BOOKMARK [3][-]{subsubsection.3.1.5}{\376\377\172\013\136\217\152\041\127\127\122\022\122\006}{subsection.3.1}% 20
\BOOKMARK [2][-]{subsection.3.2}{\376\377\116\073\211\201\155\101\172\013\126\376\123\312\213\364\146\016}{section.3}% 21
\BOOKMARK [3][-]{subsubsection.3.2.1}{\376\377\000Q\0001\000\040\172\013\136\217\155\101\172\013\126\376}{subsection.3.2}% 22
\BOOKMARK [3][-]{subsubsection.3.2.2}{\376\377\121\163\225\056\121\375\145\160\213\364\146\016}{subsection.3.2}% 23
\BOOKMARK [3][-]{subsubsection.3.2.3}{\376\377\145\160\143\156\176\323\147\204\213\364\146\016}{subsection.3.2}% 24
\BOOKMARK [3][-]{subsubsection.3.2.4}{\376\377\172\013\136\217\142\147\210\114\155\101\172\013\213\364\146\016}{subsection.3.2}% 25
\BOOKMARK [2][-]{subsection.3.3}{\376\377\176\323\147\234\122\006\147\220}{section.3}% 26
\BOOKMARK [3][-]{subsubsection.3.3.1}{\376\377\000Q\0001\000\040\217\320\210\114\176\323\147\234}{subsection.3.3}% 27
\BOOKMARK [3][-]{subsubsection.3.3.2}{\376\377\230\221\214\061\126\376\122\006\147\220}{subsection.3.3}% 28
\BOOKMARK [3][-]{subsubsection.3.3.3}{\376\377\176\323\147\234\232\214\213\301\116\016\213\250\213\272}{subsection.3.3}% 29
\BOOKMARK [3][-]{subsubsection.3.3.4}{\376\377\000Q\0002\000\040\172\013\136\217\155\101\172\013\126\376}{subsection.3.3}% 30
\BOOKMARK [3][-]{subsubsection.3.3.5}{\376\377\000Q\0002\000\040\217\320\210\114\176\323\147\234}{subsection.3.3}% 31
\BOOKMARK [3][-]{subsubsection.3.3.6}{\376\377\230\221\163\207\124\315\136\224\122\006\147\220}{subsection.3.3}% 32
\BOOKMARK [3][-]{subsubsection.3.3.7}{\376\377\156\344\154\342\126\150\213\276\213\241\232\214\213\301}{subsection.3.3}% 33
\BOOKMARK [3][-]{subsubsection.3.3.8}{\376\377\213\276\213\241\145\271\154\325\213\250\213\272}{subsection.3.3}% 34
\BOOKMARK [3][-]{subsubsection.3.3.9}{\376\377\000Q\0003\000\040\172\013\136\217\155\101\172\013\126\376}{subsection.3.3}% 35
\BOOKMARK [3][-]{subsubsection.3.3.10}{\376\377\000Q\0003\000\040\217\320\210\114\176\323\147\234}{subsection.3.3}% 36
\BOOKMARK [3][-]{subsubsection.3.3.11}{\376\377\230\221\214\061\122\006\147\220}{subsection.3.3}% 37
\BOOKMARK [3][-]{subsubsection.3.3.12}{\376\377\230\221\214\061\157\024\123\330\122\006\147\220}{subsection.3.3}% 38
\BOOKMARK [3][-]{subsubsection.3.3.13}{\376\377\174\373\176\337\162\171\140\047\122\006\147\220}{subsection.3.3}% 39
\BOOKMARK [3][-]{subsubsection.3.3.14}{\376\377\211\343\214\003\123\237\164\006\232\214\213\301}{subsection.3.3}% 40
\BOOKMARK [3][-]{subsubsection.3.3.15}{\376\377\156\344\154\342\230\172\136\217\213\250\213\272}{subsection.3.3}% 41
\BOOKMARK [3][-]{subsubsection.3.3.16}{\376\377\116\016\164\006\213\272\166\204\133\371\153\324}{subsection.3.3}% 42
\BOOKMARK [3][-]{subsubsection.3.3.17}{\376\377\000Q\0004\000\040\172\013\136\217\155\101\172\013\126\376}{subsection.3.3}% 43
\BOOKMARK [3][-]{subsubsection.3.3.18}{\376\377\000Q\0004\000\040\217\320\210\114\176\323\147\234}{subsection.3.3}% 44
\BOOKMARK [3][-]{subsubsection.3.3.19}{\376\377\230\221\214\061\122\006\147\220}{subsection.3.3}% 45
\BOOKMARK [3][-]{subsubsection.3.3.20}{\376\377\164\006\140\363\156\344\154\342\126\150\166\204\145\160\133\146\133\236\163\260}{subsection.3.3}% 46
\BOOKMARK [3][-]{subsubsection.3.3.21}{\376\377\000Q\0003\000\040\116\016\000\040\000Q\0004\000\040\133\371\153\324\122\006\147\220}{subsection.3.3}% 47
\BOOKMARK [3][-]{subsubsection.3.3.22}{\376\377\164\006\140\363\156\344\154\342\126\150\166\204\000\040\000G\000i\000b\000b\000s\000\040\163\260\214\141}{subsection.3.3}% 48
\BOOKMARK [3][-]{subsubsection.3.3.23}{\376\377\145\271\154\325\117\030\177\072\160\271\133\371\153\324}{subsection.3.3}% 49
\BOOKMARK [3][-]{subsubsection.3.3.24}{\376\377\136\224\165\050\127\072\146\157\220\011\142\351}{subsection.3.3}% 50
\BOOKMARK [3][-]{subsubsection.3.3.25}{\376\377\176\323\147\234\232\214\213\301\116\016\213\250\213\272}{subsection.3.3}% 51
\BOOKMARK [3][-]{subsubsection.3.3.26}{\376\377\164\006\213\272\116\016\133\236\215\365\166\204\133\371\153\324}{subsection.3.3}% 52
\BOOKMARK [1][-]{section.4}{\376\377\140\073\176\323\116\016\117\123\117\032}{}% 53
\BOOKMARK [2][-]{subsection.4.1}{\376\377\142\200\147\057\145\066\203\267}{section.4}% 54
\BOOKMARK [3][-]{subsubsection.4.1.1}{\376\377\0001\000.\000\040\117\341\123\367\131\004\164\006\164\006\213\272\166\204\155\361\121\145\164\006\211\343}{subsection.4.1}% 55
\BOOKMARK [3][-]{subsubsection.4.1.2}{\376\377\0002\000.\000\040\177\026\172\013\200\375\122\233\166\204\143\320\123\107}{subsection.4.1}% 56
\BOOKMARK [3][-]{subsubsection.4.1.3}{\376\377\0003\000.\000\040\164\006\213\272\116\016\133\236\215\365\166\204\176\323\124\010}{subsection.4.1}% 57
\BOOKMARK [2][-]{subsection.4.2}{\376\377\145\271\154\325\213\272\145\066\203\267}{section.4}% 58
\BOOKMARK [3][-]{subsubsection.4.2.1}{\376\377\0001\000.\000\040\225\356\230\230\122\006\211\343\116\016\152\041\127\127\123\026}{subsection.4.2}% 59
\BOOKMARK [3][-]{subsubsection.4.2.2}{\376\377\0002\000.\000\040\133\371\153\324\116\016\232\214\213\301}{subsection.4.2}% 60
\BOOKMARK [3][-]{subsubsection.4.2.3}{\376\377\0003\000.\000\040\145\207\150\143\116\016\123\357\211\306\123\026}{subsection.4.2}% 61
\BOOKMARK [2][-]{subsection.4.3}{\376\377\133\371\000\040\000A\000M\000\040\211\343\214\003\166\204\155\361\121\145\213\244\213\306}{section.4}% 62
\BOOKMARK [3][-]{subsubsection.4.3.1}{\376\377\0001\000.\000\040\211\343\214\003\166\204\147\054\215\050}{subsection.4.3}% 63
\BOOKMARK [3][-]{subsubsection.4.3.2}{\376\377\0002\000.\000\040\230\221\163\207\120\117\135\356\166\204\137\161\124\315}{subsection.4.3}% 64
\BOOKMARK [3][-]{subsubsection.4.3.3}{\376\377\0003\000.\000\040\145\366\127\337\116\016\230\221\127\337\166\204\220\011\142\351}{subsection.4.3}% 65
\BOOKMARK [2][-]{subsection.4.4}{\376\377\220\107\122\060\166\204\143\021\142\030\116\016\211\343\121\263}{section.4}% 66
\BOOKMARK [3][-]{subsubsection.4.4.1}{\376\377\0001\000.\000\040\000R\000u\000s\000t\000\040\213\355\212\000\166\204\133\146\116\140\146\362\176\277}{subsection.4.4}% 67
\BOOKMARK [3][-]{subsubsection.4.4.2}{\376\377\0002\000.\000\040\000F\000F\000T\000\040\166\204\137\122\116\000\123\026\225\356\230\230}{subsection.4.4}% 68
\BOOKMARK [3][-]{subsubsection.4.4.3}{\376\377\0003\000.\000\040\230\221\163\207\144\054\171\373\166\204\145\271\124\021\225\356\230\230}{subsection.4.4}% 69
\BOOKMARK [3][-]{subsubsection.4.4.4}{\376\377\0004\000.\000\040\000Q\0003\000\040\116\016\000\040\000Q\0004\000\040\166\370\121\163\140\047\117\116\166\204\126\360\140\321}{subsection.4.4}% 70
\BOOKMARK [2][-]{subsection.4.5}{\376\377\116\015\215\263\116\016\145\071\217\333\145\271\124\021}{section.4}% 71
\BOOKMARK [3][-]{subsubsection.4.5.1}{\376\377\0001\000.\000\040\156\344\154\342\126\150\226\066\145\160\166\204\117\030\123\026}{subsection.4.5}% 72
\BOOKMARK [3][-]{subsubsection.4.5.2}{\376\377\0002\000.\000\040\133\236\145\366\131\004\164\006\140\047\200\375}{subsection.4.5}% 73
\BOOKMARK [3][-]{subsubsection.4.5.3}{\376\377\0003\000.\000\040\172\227\121\375\145\160\166\204\136\224\165\050}{subsection.4.5}% 74
\BOOKMARK [3][-]{subsubsection.4.5.4}{\376\377\0004\000.\000\040\146\364\131\032\211\343\214\003\145\271\154\325\166\204\133\371\153\324}{subsection.4.5}% 75
\BOOKMARK [3][-]{subsubsection.4.5.5}{\376\377\0005\000.\000\040\142\227\126\152\130\360\140\047\200\375\122\006\147\220}{subsection.4.5}% 76
\BOOKMARK [2][-]{subsection.4.6}{\376\377\133\371\147\052\147\145\133\146\116\140\124\214\135\345\117\134\166\204\124\057\171\072}{section.4}% 77
\BOOKMARK [2][-]{subsection.4.7}{\376\377\201\364\214\042}{section.4}% 78
\BOOKMARK [1][-]{subsection.4.7}{\376\377\123\302\200\003\145\207\163\056}{}% 79
\BOOKMARK [1][-]{appendix.A}{\376\377\172\013\136\217\116\073\211\201\116\343\170\001}{}% 80
\BOOKMARK [1][-]{appendix.A}{\376\377\226\104\137\125\000\040\172\013\136\217\116\073\211\201\116\343\170\001}{}% 81
\BOOKMARK [2][-]{subsection.A.1}{\376\377\230\171\166\356\176\323\147\204}{appendix.A}% 82
\BOOKMARK [2][-]{subsection.A.2}{\376\377\116\073\211\201\117\235\215\126\136\223}{appendix.A}% 83
\BOOKMARK [2][-]{subsection.A.3}{\376\377\177\026\213\321\116\016\217\320\210\114}{appendix.A}% 84
\BOOKMARK [2][-]{subsection.A.4}{\376\377\150\070\137\303\173\227\154\325\133\236\163\260\211\201\160\271}{appendix.A}% 85
\BOOKMARK [3][-]{subsubsection.A.4.1}{\376\377\000Q\0001\000\040\000-\000\040\000F\000F\000T\230\221\214\061\122\006\147\220}{subsection.A.4}% 86
\BOOKMARK [3][-]{subsubsection.A.4.2}{\376\377\000Q\0002\000\040\000-\000\040\000B\000u\000t\000t\000e\000r\000w\000o\000r\000t\000h\156\344\154\342\126\150\213\276\213\241}{subsection.A.4}% 87
\BOOKMARK [3][-]{subsubsection.A.4.3}{\376\377\000Q\0003\000\040\000-\000\040\145\366\127\337\211\343\214\003}{subsection.A.4}% 88
\BOOKMARK [3][-]{subsubsection.A.4.4}{\376\377\000Q\0004\000\040\000-\000\040\230\221\127\337\211\343\214\003}{subsection.A.4}% 89
\BOOKMARK [2][-]{subsection.A.5}{\376\377\217\223\121\372\145\207\116\366\213\364\146\016}{appendix.A}% 90
\BOOKMARK [3][-]{subsubsection.A.5.1}{\376\377\000Q\0001\000\040\217\223\121\372\000\040\000\050\0005\116\052\145\207\116\366\000\051}{subsection.A.5}% 91
\BOOKMARK [3][-]{subsubsection.A.5.2}{\376\377\000Q\0002\000\040\217\223\121\372\000\040\000\050\0009\116\052\145\207\116\366\000\051}{subsection.A.5}% 92
\BOOKMARK [3][-]{subsubsection.A.5.3}{\376\377\000Q\0003\000\040\217\223\121\372\000\040\000\050\0007\116\052\145\207\116\366\000\051}{subsection.A.5}% 93
\BOOKMARK [3][-]{subsubsection.A.5.4}{\376\377\000Q\0004\000\040\217\223\121\372\000\040\000\050\0008\116\052\145\207\116\366\000\051}{subsection.A.5}% 94
\BOOKMARK [2][-]{subsection.A.6}{\376\377\116\343\170\001\162\171\202\162}{appendix.A}% 95
